<?xml version="1.0" encoding="UTF-8"?>
<!-- Generated by org.testng.reporters.JUnitXMLReporter -->
<testsuite hostname="LAPTOP-14KL8HCG" ignored="0" name="Default test" tests="10" failures="0" timestamp="2021-08-17T23:17:47 IST" time="2.141" errors="0">
  <testcase name="@BeforeClass init" time="-1.629222465407E9" classname="com.nordea.heroku.testCases.BaseClass">
    <failure type="org.testng.TestNGException" message="
Parameter &amp;apos;browser&amp;apos; is required by BeforeClass on method init but has not been marked @Optional or defined
in C:\Users\saipr\AppData\Local\Temp\testng-eclipse-1314875392\testng-customsuite.xml">
      <![CDATA[org.testng.TestNGException: 
Parameter 'browser' is required by BeforeClass on method init but has not been marked @Optional or defined
in C:\Users\saipr\AppData\Local\Temp\testng-eclipse-1314875392\testng-customsuite.xml
at org.testng.internal.Parameters.createParams(Parameters.java:270)
at org.testng.internal.Parameters.createParametersForMethod(Parameters.java:358)
at org.testng.internal.Parameters.createParameters(Parameters.java:700)
at org.testng.internal.Parameters.createConfigurationParameters(Parameters.java:168)
at org.testng.internal.ConfigInvoker.invokeConfigurations(ConfigInvoker.java:302)
at org.testng.internal.TestMethodWorker.invokeBeforeClassMethods(TestMethodWorker.java:176)
at org.testng.internal.TestMethodWorker.run(TestMethodWorker.java:122)
at java.util.ArrayList.forEach(Unknown Source)
at org.testng.TestRunner.privateRun(TestRunner.java:794)
at org.testng.TestRunner.run(TestRunner.java:596)
at org.testng.SuiteRunner.runTest(SuiteRunner.java:377)
at org.testng.SuiteRunner.runSequentially(SuiteRunner.java:371)
at org.testng.SuiteRunner.privateRun(SuiteRunner.java:332)
at org.testng.SuiteRunner.run(SuiteRunner.java:276)
at org.testng.SuiteRunnerWorker.runSuite(SuiteRunnerWorker.java:53)
at org.testng.SuiteRunnerWorker.run(SuiteRunnerWorker.java:96)
at org.testng.TestNG.runSuitesSequentially(TestNG.java:1212)
at org.testng.TestNG.runSuitesLocally(TestNG.java:1134)
at org.testng.TestNG.runSuites(TestNG.java:1063)
at org.testng.TestNG.run(TestNG.java:1031)
at org.testng.remote.AbstractRemoteTestNG.run(AbstractRemoteTestNG.java:115)
at org.testng.remote.RemoteTestNG.initAndRun(RemoteTestNG.java:251)
at org.testng.remote.RemoteTestNG.main(RemoteTestNG.java:77)
]]>
    </failure>
  </testcase> <!-- @BeforeClass init -->
  <testcase name="@AfterClass tearDown" time="-1.629222467521E9" classname="com.nordea.heroku.testCases.BaseClass">
    <skipped/>
  </testcase> <!-- @AfterClass tearDown -->
  <testcase name="TableDDT" time="0.0" classname="com.nordea.heroku.testCases.TC_003_TableTestDDT">
    <skipped/>
  </testcase> <!-- TableDDT -->
  <testcase name="TableDDT" time="0.0" classname="com.nordea.heroku.testCases.TC_003_TableTestDDT">
    <skipped/>
  </testcase> <!-- TableDDT -->
  <testcase name="TableDDT" time="0.0" classname="com.nordea.heroku.testCases.TC_003_TableTestDDT">
    <skipped/>
  </testcase> <!-- TableDDT -->
  <testcase name="TableDDT" time="0.0" classname="com.nordea.heroku.testCases.TC_003_TableTestDDT">
    <skipped/>
  </testcase> <!-- TableDDT -->
  <testcase name="TableDDT" time="0.0" classname="com.nordea.heroku.testCases.TC_003_TableTestDDT">
    <skipped/>
  </testcase> <!-- TableDDT -->
  <testcase name="TableDDT" time="0.0" classname="com.nordea.heroku.testCases.TC_003_TableTestDDT">
    <skipped/>
  </testcase> <!-- TableDDT -->
  <testcase name="TableDDT" time="0.0" classname="com.nordea.heroku.testCases.TC_003_TableTestDDT">
    <skipped/>
  </testcase> <!-- TableDDT -->
  <testcase name="TableDDT" time="0.0" classname="com.nordea.heroku.testCases.TC_003_TableTestDDT">
    <skipped/>
  </testcase> <!-- TableDDT -->
  <testcase name="TableDDT" time="0.0" classname="com.nordea.heroku.testCases.TC_003_TableTestDDT">
    <skipped/>
  </testcase> <!-- TableDDT -->
  <testcase name="TableDDT" time="0.0" classname="com.nordea.heroku.testCases.TC_003_TableTestDDT">
    <skipped/>
  </testcase> <!-- TableDDT -->
</testsuite> <!-- Default test -->
