<?xml version="1.0" encoding="UTF-8"?>
<!-- Generated by org.testng.reporters.JUnitXMLReporter -->
<testsuite hostname="LAPTOP-14KL8HCG" ignored="0" name="Edge Test" tests="22" failures="0" timestamp="2021-08-18T18:23:37 IST" time="0.947" errors="0">
  <testcase name="@BeforeClass init" time="-1.629291216189E9" classname="com.expleo.heroku.testCases.BaseClass">
    <failure type="org.testng.TestNGException" message="
Method init requires 1 parameters but 3 were supplied in the BeforeClass annotation.">
      <![CDATA[org.testng.TestNGException: 
Method init requires 1 parameters but 3 were supplied in the BeforeClass annotation.
at java.util.ArrayList.forEach(Unknown Source)
... Removed 22 stack frames]]>
    </failure>
  </testcase> <!-- @BeforeClass init -->
  <testcase name="@AfterClass tearDown" time="-1.629291216193E9" classname="com.expleo.heroku.testCases.BaseClass">
    <skipped/>
  </testcase> <!-- @AfterClass tearDown -->
  <testcase name="@BeforeClass init" time="-1.629291216194E9" classname="com.expleo.heroku.testCases.BaseClass">
    <failure type="org.testng.TestNGException" message="
Method init requires 1 parameters but 3 were supplied in the BeforeClass annotation.">
      <![CDATA[org.testng.TestNGException: 
Method init requires 1 parameters but 3 were supplied in the BeforeClass annotation.
at java.util.ArrayList.forEach(Unknown Source)
... Removed 22 stack frames]]>
    </failure>
  </testcase> <!-- @BeforeClass init -->
  <testcase name="@AfterClass tearDown" time="-1.629291216262E9" classname="com.expleo.heroku.testCases.BaseClass">
    <skipped/>
  </testcase> <!-- @AfterClass tearDown -->
  <testcase name="@BeforeClass init" time="-1.629291216263E9" classname="com.expleo.heroku.testCases.BaseClass">
    <failure type="org.testng.TestNGException" message="
Method init requires 1 parameters but 3 were supplied in the BeforeClass annotation.">
      <![CDATA[org.testng.TestNGException: 
Method init requires 1 parameters but 3 were supplied in the BeforeClass annotation.
at java.util.ArrayList.forEach(Unknown Source)
... Removed 22 stack frames]]>
    </failure>
  </testcase> <!-- @BeforeClass init -->
  <testcase name="@AfterClass tearDown" time="-1.62929121703E9" classname="com.expleo.heroku.testCases.BaseClass">
    <skipped/>
  </testcase> <!-- @AfterClass tearDown -->
  <testcase name="@BeforeClass init" time="-1.629291217032E9" classname="com.expleo.heroku.testCases.BaseClass">
    <failure type="org.testng.TestNGException" message="
Method init requires 1 parameters but 3 were supplied in the BeforeClass annotation.">
      <![CDATA[org.testng.TestNGException: 
Method init requires 1 parameters but 3 were supplied in the BeforeClass annotation.
at java.util.ArrayList.forEach(Unknown Source)
... Removed 22 stack frames]]>
    </failure>
  </testcase> <!-- @BeforeClass init -->
  <testcase name="@AfterClass tearDown" time="-1.629291217037E9" classname="com.expleo.heroku.testCases.BaseClass">
    <skipped/>
  </testcase> <!-- @AfterClass tearDown -->
  <testcase name="@BeforeClass init" time="-1.629291217039E9" classname="com.expleo.heroku.testCases.BaseClass">
    <failure type="org.testng.TestNGException" message="
Method init requires 1 parameters but 3 were supplied in the BeforeClass annotation.">
      <![CDATA[org.testng.TestNGException: 
Method init requires 1 parameters but 3 were supplied in the BeforeClass annotation.
at java.util.ArrayList.forEach(Unknown Source)
... Removed 22 stack frames]]>
    </failure>
  </testcase> <!-- @BeforeClass init -->
  <testcase name="@AfterClass tearDown" time="-1.629291217043E9" classname="com.expleo.heroku.testCases.BaseClass">
    <skipped/>
  </testcase> <!-- @AfterClass tearDown -->
  <testcase name="@BeforeClass init" time="-1.629291217044E9" classname="com.expleo.heroku.testCases.BaseClass">
    <failure type="org.testng.TestNGException" message="
Method init requires 1 parameters but 3 were supplied in the BeforeClass annotation.">
      <![CDATA[org.testng.TestNGException: 
Method init requires 1 parameters but 3 were supplied in the BeforeClass annotation.
at java.util.ArrayList.forEach(Unknown Source)
... Removed 22 stack frames]]>
    </failure>
  </testcase> <!-- @BeforeClass init -->
  <testcase name="@AfterClass tearDown" time="-1.629291217113E9" classname="com.expleo.heroku.testCases.BaseClass">
    <skipped/>
  </testcase> <!-- @AfterClass tearDown -->
  <testcase name="@BeforeClass init" time="-1.629291217114E9" classname="com.expleo.heroku.testCases.BaseClass">
    <failure type="org.testng.TestNGException" message="
Method init requires 1 parameters but 3 were supplied in the BeforeClass annotation.">
      <![CDATA[org.testng.TestNGException: 
Method init requires 1 parameters but 3 were supplied in the BeforeClass annotation.
at java.util.ArrayList.forEach(Unknown Source)
... Removed 22 stack frames]]>
    </failure>
  </testcase> <!-- @BeforeClass init -->
  <testcase name="@AfterClass tearDown" time="-1.629291217121E9" classname="com.expleo.heroku.testCases.BaseClass">
    <skipped/>
  </testcase> <!-- @AfterClass tearDown -->
  <testcase name="@BeforeClass init" time="-1.629291217123E9" classname="com.expleo.heroku.testCases.BaseClass">
    <failure type="org.testng.TestNGException" message="
Method init requires 1 parameters but 3 were supplied in the BeforeClass annotation.">
      <![CDATA[org.testng.TestNGException: 
Method init requires 1 parameters but 3 were supplied in the BeforeClass annotation.
at java.util.ArrayList.forEach(Unknown Source)
... Removed 22 stack frames]]>
    </failure>
  </testcase> <!-- @BeforeClass init -->
  <testcase name="@AfterClass tearDown" time="-1.629291217125E9" classname="com.expleo.heroku.testCases.BaseClass">
    <skipped/>
  </testcase> <!-- @AfterClass tearDown -->
  <testcase name="@BeforeClass init" time="-1.629291217127E9" classname="com.expleo.heroku.testCases.BaseClass">
    <failure type="org.testng.TestNGException" message="
Method init requires 1 parameters but 3 were supplied in the BeforeClass annotation.">
      <![CDATA[org.testng.TestNGException: 
Method init requires 1 parameters but 3 were supplied in the BeforeClass annotation.
at java.util.ArrayList.forEach(Unknown Source)
... Removed 22 stack frames]]>
    </failure>
  </testcase> <!-- @BeforeClass init -->
  <testcase name="@AfterClass tearDown" time="-1.62929121713E9" classname="com.expleo.heroku.testCases.BaseClass">
    <skipped/>
  </testcase> <!-- @AfterClass tearDown -->
  <testcase name="titleTest" time="0.0" classname="com.expleo.heroku.testCases.TC_001_TitleTest">
    <skipped/>
  </testcase> <!-- titleTest -->
  <testcase name="buttonDDT" time="0.0" classname="com.expleo.heroku.testCases.TC_002_ButtonTestDDT">
    <skipped/>
  </testcase> <!-- buttonDDT -->
  <testcase name="buttonDDT" time="0.0" classname="com.expleo.heroku.testCases.TC_002_ButtonTestDDT">
    <skipped/>
  </testcase> <!-- buttonDDT -->
  <testcase name="buttonDDT" time="0.0" classname="com.expleo.heroku.testCases.TC_002_ButtonTestDDT">
    <skipped/>
  </testcase> <!-- buttonDDT -->
  <testcase name="TableDDT" time="0.0" classname="com.expleo.heroku.testCases.TC_003_TableTestDDT">
    <skipped/>
  </testcase> <!-- TableDDT -->
  <testcase name="TableDDT" time="0.0" classname="com.expleo.heroku.testCases.TC_003_TableTestDDT">
    <skipped/>
  </testcase> <!-- TableDDT -->
  <testcase name="TableDDT" time="0.0" classname="com.expleo.heroku.testCases.TC_003_TableTestDDT">
    <skipped/>
  </testcase> <!-- TableDDT -->
  <testcase name="TableDDT" time="0.0" classname="com.expleo.heroku.testCases.TC_003_TableTestDDT">
    <skipped/>
  </testcase> <!-- TableDDT -->
  <testcase name="TableDDT" time="0.0" classname="com.expleo.heroku.testCases.TC_003_TableTestDDT">
    <skipped/>
  </testcase> <!-- TableDDT -->
  <testcase name="TableDDT" time="0.0" classname="com.expleo.heroku.testCases.TC_003_TableTestDDT">
    <skipped/>
  </testcase> <!-- TableDDT -->
  <testcase name="TableDDT" time="0.0" classname="com.expleo.heroku.testCases.TC_003_TableTestDDT">
    <skipped/>
  </testcase> <!-- TableDDT -->
  <testcase name="TableDDT" time="0.0" classname="com.expleo.heroku.testCases.TC_003_TableTestDDT">
    <skipped/>
  </testcase> <!-- TableDDT -->
  <testcase name="TableDDT" time="0.0" classname="com.expleo.heroku.testCases.TC_003_TableTestDDT">
    <skipped/>
  </testcase> <!-- TableDDT -->
  <testcase name="TableDDT" time="0.0" classname="com.expleo.heroku.testCases.TC_003_TableTestDDT">
    <skipped/>
  </testcase> <!-- TableDDT -->
  <testcase name="headTest" time="0.0" classname="com.expleo.heroku.testCases.TC_004_HeaderTest">
    <skipped/>
  </testcase> <!-- headTest -->
  <testcase name="paraCheck" time="0.0" classname="com.expleo.heroku.testCases.TC_005_ParaTest">
    <skipped/>
  </testcase> <!-- paraCheck -->
  <testcase name="canvaTest" time="0.0" classname="com.expleo.heroku.testCases.TC_006_CanvasTest">
    <skipped/>
  </testcase> <!-- canvaTest -->
  <testcase name="canvaTest" time="0.0" classname="com.expleo.heroku.testCases.TC_006_CanvasTest">
    <skipped/>
  </testcase> <!-- canvaTest -->
  <testcase name="canvaTest" time="0.0" classname="com.expleo.heroku.testCases.TC_006_CanvasTest">
    <skipped/>
  </testcase> <!-- canvaTest -->
  <testcase name="editTest" time="0.0" classname="com.expleo.heroku.testCases.TC_007_EditClickTest">
    <skipped/>
  </testcase> <!-- editTest -->
  <testcase name="deleteTest" time="0.0" classname="com.expleo.heroku.testCases.TC_008_DeleteClickTest">
    <skipped/>
  </testcase> <!-- deleteTest -->
  <testcase name="elementLinkTest" time="0.0" classname="com.expleo.heroku.testCases.TC_009_ElementalLinkTest">
    <skipped/>
  </testcase> <!-- elementLinkTest -->
</testsuite> <!-- Edge Test -->
